<?xml version="1.0" encoding="UTF-8"?>
<!-- Generated by org.testng.reporters.JUnitReportReporter -->
<testsuite hostname="DESKTOP-AJLC7JG" failures="0" tests="4" name="api.test.UserTests" time="10.336" errors="0" timestamp="2024-03-27T10:10:25 IST" skipped="0">
  <testcase classname="api.test.UserTests" name="testPostUser" time="4.155"/>
  <system-out/>
  <testcase classname="api.test.UserTests" name="testGetUserByName" time="1.580"/>
  <system-out/>
  <testcase classname="api.test.UserTests" name="updateUser" time="3.070"/>
  <system-out/>
  <testcase classname="api.test.UserTests" name="deleteUser" time="1.531"/>
  <system-out/>
</testsuite> <!-- api.test.UserTests -->
