<?xml version="1.0" encoding="UTF-8"?>
<!-- Generated by org.testng.reporters.JUnitReportReporter -->
<testsuite hostname="DESKTOP-AJLC7JG" failures="0" tests="4" name="api.test.UserTests2" time="9.849" errors="0" timestamp="2024-03-27T10:57:53 IST" skipped="0">
  <testcase classname="api.test.UserTests2" name="testPostUser" time="3.801"/>
  <system-out/>
  <testcase classname="api.test.UserTests2" name="testGetUserByName" time="1.444"/>
  <system-out/>
  <testcase classname="api.test.UserTests2" name="updateUser" time="3.071"/>
  <system-out/>
  <testcase classname="api.test.UserTests2" name="deleteUser" time="1.533"/>
  <system-out/>
</testsuite> <!-- api.test.UserTests2 -->
