<?xml version="1.0" encoding="UTF-8"?>
<!-- Generated by org.testng.reporters.JUnitReportReporter -->
<testsuite hostname="DESKTOP-AJLC7JG" failures="0" tests="4" name="api.test.UserTests2" time="10.316" errors="0" timestamp="2024-03-27T11:36:46 IST" skipped="0">
  <testcase classname="api.test.UserTests2" name="testPostUser" time="3.975"/>
  <system-out/>
  <testcase classname="api.test.UserTests2" name="testGetUserByName" time="1.634"/>
  <system-out/>
  <testcase classname="api.test.UserTests2" name="updateUser" time="3.172"/>
  <system-out/>
  <testcase classname="api.test.UserTests2" name="deleteUser" time="1.535"/>
  <system-out/>
</testsuite> <!-- api.test.UserTests2 -->
